2015-09-08 13:09:28 Error: [Cake\Routing\Exception\MissingControllerException] Controller class Index could not be found.
Exception Attributes: array (
  'class' => 'Index',
  'plugin' => NULL,
  'prefix' => NULL,
  '_ext' => NULL,
)
Request URL: /website/index
Stack Trace:
#0 C:\wamp\www\website\webroot\index.php(37): Cake\Routing\Dispatcher->dispatch(Object(Cake\Network\Request), Object(Cake\Network\Response))
#1 {main}


2015-09-08 13:10:09 Error: [Cake\Routing\Exception\MissingControllerException] Controller class Index could not be found.
Exception Attributes: array (
  'class' => 'Index',
  'plugin' => NULL,
  'prefix' => NULL,
  '_ext' => NULL,
)
Request URL: /website/index
Stack Trace:
#0 C:\wamp\www\website\webroot\index.php(37): Cake\Routing\Dispatcher->dispatch(Object(Cake\Network\Request), Object(Cake\Network\Response))
#1 {main}


2015-09-08 13:20:20 Error: [Cake\Routing\Exception\MissingControllerException] Controller class Add could not be found.
Exception Attributes: array (
  'class' => 'Add',
  'plugin' => NULL,
  'prefix' => NULL,
  '_ext' => NULL,
)
Request URL: /website/add
Stack Trace:
#0 C:\wamp\www\website\webroot\index.php(37): Cake\Routing\Dispatcher->dispatch(Object(Cake\Network\Request), Object(Cake\Network\Response))
#1 {main}


2015-09-08 13:20:31 Error: [Cake\Routing\Exception\MissingControllerException] Controller class Account could not be found.
Exception Attributes: array (
  'class' => 'Account',
  'plugin' => NULL,
  'prefix' => NULL,
  '_ext' => NULL,
)
Request URL: /website/account/add
Stack Trace:
#0 C:\wamp\www\website\webroot\index.php(37): Cake\Routing\Dispatcher->dispatch(Object(Cake\Network\Request), Object(Cake\Network\Response))
#1 {main}


2015-09-08 13:20:36 Error: [Cake\Routing\Exception\MissingControllerException] Controller class Account could not be found.
Exception Attributes: array (
  'class' => 'Account',
  'plugin' => NULL,
  'prefix' => NULL,
  '_ext' => NULL,
)
Request URL: /website/account/
Stack Trace:
#0 C:\wamp\www\website\webroot\index.php(37): Cake\Routing\Dispatcher->dispatch(Object(Cake\Network\Request), Object(Cake\Network\Response))
#1 {main}


2015-09-08 13:20:42 Error: [Cake\Routing\Exception\MissingControllerException] Controller class Account could not be found.
Exception Attributes: array (
  'class' => 'Account',
  'plugin' => NULL,
  'prefix' => NULL,
  '_ext' => NULL,
)
Request URL: /website/Account/
Stack Trace:
#0 C:\wamp\www\website\webroot\index.php(37): Cake\Routing\Dispatcher->dispatch(Object(Cake\Network\Request), Object(Cake\Network\Response))
#1 {main}


2015-09-08 13:20:45 Error: [Cake\Routing\Exception\MissingControllerException] Controller class Account could not be found.
Exception Attributes: array (
  'class' => 'Account',
  'plugin' => NULL,
  'prefix' => NULL,
  '_ext' => NULL,
)
Request URL: /website/Account/add
Stack Trace:
#0 C:\wamp\www\website\webroot\index.php(37): Cake\Routing\Dispatcher->dispatch(Object(Cake\Network\Request), Object(Cake\Network\Response))
#1 {main}


2015-09-08 13:20:53 Error: Fatal Error (1): Class 'AppController' not found in [C:\wamp\www\website\src\Controller\AccountController.php, line 6]
Trace:
Cake\Error\BaseErrorHandler::handleFatalError() - CORE\src\Error\BaseErrorHandler.php, line 192
Cake\Error\BaseErrorHandler::Cake\Error\{closure}() - CORE\src\Error\BaseErrorHandler.php, line 91
[main] - [internal], line ??



2015-09-08 13:20:53 Error: [Cake\Error\FatalErrorException] Class 'AppController' not found
Request URL: /website/Account/add
Stack Trace:
#0 C:\wamp\www\website\vendor\cakephp\cakephp\src\Error\BaseErrorHandler.php(91): Cake\Error\BaseErrorHandler->handleFatalError(1, 'Class 'AppContr...', 'C:\\wamp\\www\\web...', 6)
#1 [internal function]: Cake\Error\BaseErrorHandler->Cake\Error\{closure}()
#2 {main}


2015-09-08 13:20:54 Error: Fatal Error (1): Class 'AppController' not found in [C:\wamp\www\website\src\Controller\AccountController.php, line 6]
Trace:
Cake\Error\BaseErrorHandler::handleFatalError() - CORE\src\Error\BaseErrorHandler.php, line 192
Cake\Error\BaseErrorHandler::Cake\Error\{closure}() - CORE\src\Error\BaseErrorHandler.php, line 91
[main] - [internal], line ??



2015-09-08 13:20:54 Error: [Cake\Error\FatalErrorException] Class 'AppController' not found
Request URL: /website/Account/add
Stack Trace:
#0 C:\wamp\www\website\vendor\cakephp\cakephp\src\Error\BaseErrorHandler.php(91): Cake\Error\BaseErrorHandler->handleFatalError(1, 'Class 'AppContr...', 'C:\\wamp\\www\\web...', 6)
#1 [internal function]: Cake\Error\BaseErrorHandler->Cake\Error\{closure}()
#2 {main}


